需要人工确认的化合物:
第 123 行: 4,5-MDNI 需要人工确认CID
第 138 行: BOXTET 需要人工确认CID
第 139 行: DADP 需要人工确认CID
第 139 行: TITNB 需要人工确认CID
第 140 行: DADP 需要人工确认CID
第 140 行: TCTNB 需要人工确认CID
第 141 行: DADP 需要人工确认CID
第 141 行: TBTNB 需要人工确认CID
第 144 行: T2 需要人工确认CID
第 147 行: 9-BN 需要人工确认CID
第 148 行: AA_1 需要人工确认CID
第 149 行: alpha-ABA_1 需要人工确认CID
第 150 行: DBZ 需要人工确认CID
第 155 行: T2 需要人工确认CID
第 159 行: TZTN 需要人工确认CID
第 161 行: DANA 需要人工确认CID
第 162 行: TNAN 需要人工确认CID
第 167 行: 2,4-DNI 需要人工确认CID
第 168 行: 3,4-DNP 需要人工确认CID
第 169 行: 4,5-MDNP 需要人工确认CID
第 174 行: D-explosive 需要人工确认CID
第 175 行: 3,4-MDNP 需要人工确认CID
第 194 行: A4 需要人工确认CID
第 195 行: DNPP 需要人工确认CID
第 197 行: TNAN 需要人工确认CID
第 199 行: 4,5-MDNP 需要人工确认CID
第 203 行: PNox 需要人工确认CID
第 206 行: A8 需要人工确认CID
第 211 行: DNDA 需要人工确认CID
第 215 行: TCTNB 需要人工确认CID
第 216 行: alpha-ABA_1 需要人工确认CID
第 220 行: AZ1 需要人工确认CID
第 222 行: DANA 需要人工确认CID
第 223 行: ATNO2 需要人工确认CID
第 229 行: A7 需要人工确认CID
第 239 行: MAM 需要人工确认CID
第 240 行: TITNB 需要人工确认CID
第 244 行: TZTN 需要人工确认CID
第 247 行: 4,5-MDNI 需要人工确认CID
第 251 行: AA_1 需要人工确认CID
第 252 行: 2,4-MDNI 需要人工确认CID
第 253 行: MDNT 需要人工确认CID
第 254 行: 1,4-DNI 需要人工确认CID
第 256 行: AZ2 需要人工确认CID
第 257 行: 2,4-DNI 需要人工确认CID
第 258 行: 9-BN 需要人工确认CID
第 259 行: DADP 需要人工确认CID
第 260 行: 3,4-MDNP 需要人工确认CID
第 262 行: A3 需要人工确认CID
第 266 行: TBTNB 需要人工确认CID
第 267 行: D-explosive 需要人工确认CID
第 269 行: MTNP 需要人工确认CID
第 270 行: 3,4-DNP 需要人工确认CID
第 272 行: DNBT 需要人工确认CID
第 273 行: A12 需要人工确认CID
第 278 行: A5 需要人工确认CID
第 279 行: ADNP 需要人工确认CID
第 280 行: MATNB 需要人工确认CID
第 281 行: TTNB 需要人工确认CID
第 283 行: A4 需要人工确认CID
第 284 行: DNPP 需要人工确认CID
第 286 行: TNAN 需要人工确认CID
第 288 行: 4,5-MDNP 需要人工确认CID
第 292 行: PNox 需要人工确认CID
第 295 行: A8 需要人工确认CID
第 300 行: DNDA 需要人工确认CID
第 304 行: TCTNB 需要人工确认CID
第 305 行: alpha-ABA_1 需要人工确认CID
第 309 行: AZ1 需要人工确认CID
第 311 行: DANA 需要人工确认CID
第 312 行: ATNO2 需要人工确认CID
第 318 行: A7 需要人工确认CID
第 328 行: MAM 需要人工确认CID
第 329 行: TITNB 需要人工确认CID
第 333 行: TZTN 需要人工确认CID
第 336 行: 4,5-MDNI 需要人工确认CID
第 340 行: AA_1 需要人工确认CID
第 341 行: 2,4-MDNI 需要人工确认CID
第 342 行: MDNT 需要人工确认CID
第 343 行: 1,4-DNI 需要人工确认CID
第 345 行: AZ2 需要人工确认CID
第 347 行: 2,4-DNI 需要人工确认CID
第 348 行: 9-BN 需要人工确认CID
第 349 行: DADP 需要人工确认CID
第 350 行: 3,4-MDNP 需要人工确认CID
第 353 行: A3 需要人工确认CID
第 357 行: TBTNB 需要人工确认CID
第 358 行: D-explosive 需要人工确认CID
第 360 行: MTNP 需要人工确认CID
第 361 行: 3,4-DNP 需要人工确认CID
第 363 行: DNBT 需要人工确认CID
第 364 行: A12 需要人工确认CID
第 370 行: A5 需要人工确认CID
第 371 行: ADNP 需要人工确认CID
第 372 行: MATNB 需要人工确认CID
第 373 行: TTNB 需要人工确认CID
第 375 行: A4 需要人工确认CID
第 376 行: DNPP 需要人工确认CID
第 378 行: TNAN 需要人工确认CID
第 380 行: 4,5-MDNP 需要人工确认CID
第 384 行: PNox 需要人工确认CID
第 387 行: A8 需要人工确认CID
第 391 行: DNDA 需要人工确认CID
第 395 行: TCTNB 需要人工确认CID
第 396 行: alpha-ABA_1 需要人工确认CID
第 400 行: AZ1 需要人工确认CID
第 402 行: DANA 需要人工确认CID
第 403 行: ATNO2 需要人工确认CID
第 409 行: A7 需要人工确认CID
第 419 行: MAM 需要人工确认CID
第 420 行: TITNB 需要人工确认CID
第 423 行: TZTN 需要人工确认CID
第 426 行: 4,5-MDNI 需要人工确认CID
第 430 行: AA_1 需要人工确认CID
第 431 行: 2,4-MDNI 需要人工确认CID
第 432 行: MDNT 需要人工确认CID
第 433 行: 1,4-DNI 需要人工确认CID
第 435 行: AZ2 需要人工确认CID
第 436 行: 2,4-DNI 需要人工确认CID
第 437 行: 9-BN 需要人工确认CID
第 438 行: DADP 需要人工确认CID
第 439 行: 3,4-MDNP 需要人工确认CID
第 442 行: A3 需要人工确认CID
第 446 行: TBTNB 需要人工确认CID
第 447 行: D-explosive 需要人工确认CID
第 449 行: MTNP 需要人工确认CID
第 450 行: 3,4-DNP 需要人工确认CID
第 452 行: DNBT 需要人工确认CID
第 453 行: A12 需要人工确认CID
第 459 行: A5 需要人工确认CID
第 460 行: ADNP 需要人工确认CID
第 461 行: MATNB 需要人工确认CID
第 462 行: TTNB 需要人工确认CID
第 464 行: A4 需要人工确认CID
第 465 行: DNPP 需要人工确认CID
第 467 行: TNAN 需要人工确认CID
第 469 行: 4,5-MDNP 需要人工确认CID
第 473 行: PNox 需要人工确认CID
第 476 行: A8 需要人工确认CID
第 481 行: DNDA 需要人工确认CID
第 485 行: TCTNB 需要人工确认CID
第 486 行: alpha-ABA_1 需要人工确认CID
第 490 行: AZ1 需要人工确认CID
第 493 行: DANA 需要人工确认CID
第 494 行: ATNO2 需要人工确认CID
第 501 行: A7 需要人工确认CID
第 511 行: MAM 需要人工确认CID
第 512 行: TITNB 需要人工确认CID
第 516 行: TZTN 需要人工确认CID
第 519 行: 4,5-MDNI 需要人工确认CID
第 523 行: AA_1 需要人工确认CID
第 524 行: 2,4-MDNI 需要人工确认CID
第 525 行: MDNT 需要人工确认CID
第 526 行: 1,4-DNI 需要人工确认CID
第 528 行: AZ2 需要人工确认CID
第 530 行: 2,4-DNI 需要人工确认CID
第 531 行: 9-BN 需要人工确认CID
第 532 行: DADP 需要人工确认CID
第 533 行: 3,4-MDNP 需要人工确认CID
第 536 行: A3 需要人工确认CID
第 540 行: TBTNB 需要人工确认CID
第 542 行: D-explosive 需要人工确认CID
第 544 行: MTNP 需要人工确认CID
第 545 行: 3,4-DNP 需要人工确认CID
第 547 行: DNBT 需要人工确认CID
第 548 行: A12 需要人工确认CID
第 554 行: A5 需要人工确认CID
第 555 行: ADNP 需要人工确认CID
第 556 行: MATNB 需要人工确认CID
第 557 行: TTNB 需要人工确认CID
第 559 行: A4 需要人工确认CID
第 560 行: DNPP 需要人工确认CID
第 562 行: TNAN 需要人工确认CID
第 564 行: 4,5-MDNP 需要人工确认CID
第 568 行: PNox 需要人工确认CID
第 571 行: A8 需要人工确认CID
第 575 行: DNDA 需要人工确认CID
第 579 行: TCTNB 需要人工确认CID
第 580 行: alpha-ABA_1 需要人工确认CID
第 584 行: AZ1 需要人工确认CID
第 586 行: DANA 需要人工确认CID
第 587 行: ATNO2 需要人工确认CID
第 593 行: A7 需要人工确认CID
第 603 行: MAM 需要人工确认CID
第 604 行: TITNB 需要人工确认CID
第 607 行: TZTN 需要人工确认CID
第 610 行: 4,5-MDNI 需要人工确认CID
第 614 行: AA_1 需要人工确认CID
第 615 行: 2,4-MDNI 需要人工确认CID
第 616 行: MDNT 需要人工确认CID
第 617 行: 1,4-DNI 需要人工确认CID
第 619 行: AZ2 需要人工确认CID
第 620 行: 2,4-DNI 需要人工确认CID
第 621 行: 9-BN 需要人工确认CID
第 622 行: DADP 需要人工确认CID
第 623 行: 3,4-MDNP 需要人工确认CID
第 625 行: A3 需要人工确认CID
第 629 行: TBTNB 需要人工确认CID
第 630 行: D-explosive 需要人工确认CID
第 632 行: MTNP 需要人工确认CID
第 633 行: 3,4-DNP 需要人工确认CID
第 635 行: DNBT 需要人工确认CID
第 636 行: A12 需要人工确认CID
第 642 行: A5 需要人工确认CID
第 643 行: ADNP 需要人工确认CID
第 644 行: MATNB 需要人工确认CID
第 645 行: TTNB 需要人工确认CID
第 647 行: A4 需要人工确认CID
第 648 行: DNPP 需要人工确认CID
第 650 行: TNAN 需要人工确认CID
第 652 行: 4,5-MDNP 需要人工确认CID
第 656 行: PNox 需要人工确认CID
第 659 行: A8 需要人工确认CID
第 663 行: DNDA 需要人工确认CID
第 667 行: TCTNB 需要人工确认CID
第 668 行: alpha-ABA_1 需要人工确认CID
第 672 行: AZ1 需要人工确认CID
第 674 行: DANA 需要人工确认CID
第 675 行: ATNO2 需要人工确认CID
第 681 行: A7 需要人工确认CID
第 691 行: MAM 需要人工确认CID
第 692 行: TITNB 需要人工确认CID
第 695 行: TZTN 需要人工确认CID
第 698 行: 4,5-MDNI 需要人工确认CID
第 702 行: AA_1 需要人工确认CID
第 703 行: 2,4-MDNI 需要人工确认CID
第 704 行: MDNT 需要人工确认CID
第 705 行: 1,4-DNI 需要人工确认CID
第 707 行: AZ2 需要人工确认CID
第 708 行: 2,4-DNI 需要人工确认CID
第 709 行: 9-BN 需要人工确认CID
第 710 行: DADP 需要人工确认CID
第 711 行: 3,4-MDNP 需要人工确认CID
第 713 行: A3 需要人工确认CID
第 717 行: TBTNB 需要人工确认CID
第 718 行: D-explosive 需要人工确认CID
第 720 行: MTNP 需要人工确认CID
第 721 行: 3,4-DNP 需要人工确认CID
第 723 行: DNBT 需要人工确认CID
第 724 行: A12 需要人工确认CID
第 729 行: A5 需要人工确认CID
第 730 行: ADNP 需要人工确认CID
第 731 行: MATNB 需要人工确认CID
第 732 行: TTNB 需要人工确认CID
第 734 行: A4 需要人工确认CID
第 735 行: DNPP 需要人工确认CID
第 737 行: TNAN 需要人工确认CID
第 739 行: 4,5-MDNP 需要人工确认CID
第 743 行: PNox 需要人工确认CID
第 746 行: A8 需要人工确认CID
第 750 行: DNDA 需要人工确认CID
第 754 行: TCTNB 需要人工确认CID
第 755 行: alpha-ABA_1 需要人工确认CID
第 759 行: AZ1 需要人工确认CID
第 761 行: DANA 需要人工确认CID
第 762 行: ATNO2 需要人工确认CID
第 767 行: A7 需要人工确认CID
第 777 行: MAM 需要人工确认CID
第 778 行: TITNB 需要人工确认CID
第 781 行: TZTN 需要人工确认CID
第 784 行: 4,5-MDNI 需要人工确认CID
第 788 行: AA_1 需要人工确认CID
第 789 行: 2,4-MDNI 需要人工确认CID
第 790 行: MDNT 需要人工确认CID
第 791 行: 1,4-DNI 需要人工确认CID
第 793 行: AZ2 需要人工确认CID
第 794 行: 2,4-DNI 需要人工确认CID
第 795 行: 9-BN 需要人工确认CID
第 796 行: DADP 需要人工确认CID
第 797 行: 3,4-MDNP 需要人工确认CID
第 799 行: A3 需要人工确认CID
第 803 行: TBTNB 需要人工确认CID
第 804 行: D-explosive 需要人工确认CID
第 806 行: MTNP 需要人工确认CID
第 807 行: 3,4-DNP 需要人工确认CID
第 809 行: DNBT 需要人工确认CID
第 810 行: A12 需要人工确认CID
第 815 行: A5 需要人工确认CID
第 816 行: ADNP 需要人工确认CID
第 817 行: MATNB 需要人工确认CID
第 818 行: TTNB 需要人工确认CID
第 820 行: A4 需要人工确认CID
第 821 行: DNPP 需要人工确认CID
第 823 行: TNAN 需要人工确认CID
第 825 行: 4,5-MDNP 需要人工确认CID
第 829 行: PNox 需要人工确认CID
第 832 行: A8 需要人工确认CID
第 837 行: DNDA 需要人工确认CID
第 841 行: TCTNB 需要人工确认CID
第 842 行: alpha-ABA_1 需要人工确认CID
第 846 行: AZ1 需要人工确认CID
第 849 行: DANA 需要人工确认CID
第 850 行: ATNO2 需要人工确认CID
第 857 行: A7 需要人工确认CID
第 867 行: MAM 需要人工确认CID
第 868 行: TITNB 需要人工确认CID
第 872 行: TZTN 需要人工确认CID
第 875 行: 4,5-MDNI 需要人工确认CID
第 879 行: AA_1 需要人工确认CID
第 880 行: 2,4-MDNI 需要人工确认CID
第 881 行: MDNT 需要人工确认CID
第 882 行: 1,4-DNI 需要人工确认CID
第 884 行: AZ2 需要人工确认CID
第 886 行: 2,4-DNI 需要人工确认CID
第 887 行: 9-BN 需要人工确认CID
第 888 行: DADP 需要人工确认CID
第 889 行: 3,4-MDNP 需要人工确认CID
第 892 行: A3 需要人工确认CID
第 896 行: TBTNB 需要人工确认CID
第 898 行: D-explosive 需要人工确认CID
第 900 行: MTNP 需要人工确认CID
第 901 行: 3,4-DNP 需要人工确认CID
第 903 行: DNBT 需要人工确认CID
第 904 行: A12 需要人工确认CID
第 910 行: A5 需要人工确认CID
第 911 行: ADNP 需要人工确认CID
第 912 行: MATNB 需要人工确认CID
第 913 行: TTNB 需要人工确认CID
第 915 行: A4 需要人工确认CID
第 916 行: DNPP 需要人工确认CID
第 918 行: TNAN 需要人工确认CID
第 920 行: 4,5-MDNP 需要人工确认CID
第 924 行: PNox 需要人工确认CID
第 927 行: A8 需要人工确认CID
第 932 行: DNDA 需要人工确认CID
第 936 行: TCTNB 需要人工确认CID
第 937 行: alpha-ABA_1 需要人工确认CID
第 941 行: AZ1 需要人工确认CID
第 943 行: DANA 需要人工确认CID
第 944 行: ATNO2 需要人工确认CID
第 949 行: A7 需要人工确认CID
第 959 行: MAM 需要人工确认CID
第 960 行: TITNB 需要人工确认CID
第 964 行: TZTN 需要人工确认CID
第 967 行: 4,5-MDNI 需要人工确认CID
第 971 行: AA_1 需要人工确认CID
第 972 行: 2,4-MDNI 需要人工确认CID
第 973 行: MDNT 需要人工确认CID
第 974 行: 1,4-DNI 需要人工确认CID
第 976 行: AZ2 需要人工确认CID
第 977 行: 2,4-DNI 需要人工确认CID
第 978 行: 9-BN 需要人工确认CID
第 979 行: DADP 需要人工确认CID
第 980 行: 3,4-MDNP 需要人工确认CID
第 982 行: A3 需要人工确认CID
第 985 行: TBTNB 需要人工确认CID
第 986 行: D-explosive 需要人工确认CID
第 988 行: MTNP 需要人工确认CID
第 989 行: 3,4-DNP 需要人工确认CID
第 991 行: DNBT 需要人工确认CID
第 992 行: A12 需要人工确认CID
第 997 行: A5 需要人工确认CID
第 998 行: ADNP 需要人工确认CID
第 999 行: MATNB 需要人工确认CID
第 1000 行: TTNB 需要人工确认CID
